<?xml version="1.0" encoding="UTF-8"?>
<!-- Generated by org.testng.reporters.JUnitReportReporter -->
<testsuite hostname="DESKTOP-D7JMDV6" failures="0" tests="1" name="qaautomation.tugas5.AppTest" time="0.092" errors="0" timestamp="2022-02-11T14:17:19 WIB" skipped="0">
  <testcase classname="qaautomation.tugas5.AppTest" name="shouldAnswerWithTrue" time="0.092"/>
  <system-out/>
</testsuite> <!-- qaautomation.tugas5.AppTest -->
