<?xml version="1.0" encoding="UTF-8"?>
<!-- Generated by org.testng.reporters.JUnitReportReporter -->
<testsuite hostname="DESKTOP-D7JMDV6" failures="0" tests="1" name="qaautomation.tugas5.TestAPI" time="7.482" errors="0" timestamp="2022-02-14T13:39:46 WIB" skipped="0">
  <testcase classname="qaautomation.tugas5.TestAPI" name="testRegisterAPI" time="7.482"/>
  <system-out/>
</testsuite> <!-- qaautomation.tugas5.TestAPI -->
