<?xml version="1.0" encoding="UTF-8"?>
<!-- Generated by org.testng.reporters.JUnitReportReporter -->
<testsuite hostname="DESKTOP-D7JMDV6" failures="0" tests="2" name="qaautomation.tugas3.AppTest2" time="18.391" errors="0" timestamp="2022-02-04T22:27:34 WIB" skipped="0">
  <testcase classname="qaautomation.tugas3.AppTest2" name="test2" time="7.172"/>
  <system-out/>
  <testcase classname="qaautomation.tugas3.AppTest2" name="test1" time="11.219"/>
  <system-out/>
</testsuite> <!-- qaautomation.tugas3.AppTest2 -->
