<?xml version="1.0" encoding="UTF-8"?>
<!-- Generated by org.testng.reporters.JUnitReportReporter -->
<testsuite hostname="DESKTOP-D7JMDV6" failures="0" tests="2" name="qaautomation.tugas3.AppTest" time="48.128" errors="0" timestamp="2022-02-04T22:27:34 WIB" skipped="0">
  <testcase classname="qaautomation.tugas3.AppTest" name="test2" time="25.744"/>
  <system-out/>
  <testcase classname="qaautomation.tugas3.AppTest" name="test1" time="22.384"/>
  <system-out/>
</testsuite> <!-- qaautomation.tugas3.AppTest -->
