<?xml version="1.0" encoding="UTF-8"?>
<!-- Generated by org.testng.reporters.JUnitReportReporter -->
<testsuite hostname="DESKTOP-D7JMDV6" failures="0" tests="2" name="qaautomation.tugas3.AppTestPOMFactory" time="12.660" errors="0" timestamp="2022-02-09T11:49:23 WIB" skipped="0">
  <testcase classname="qaautomation.tugas3.AppTestPOMFactory" name="test2" time="6.007"/>
  <system-out/>
  <testcase classname="qaautomation.tugas3.AppTestPOMFactory" name="test1" time="6.653"/>
  <system-out/>
</testsuite> <!-- qaautomation.tugas3.AppTestPOMFactory -->
