<?xml version="1.0" encoding="UTF-8"?>
<!-- Generated by org.testng.reporters.JUnitReportReporter -->
<testsuite hostname="DESKTOP-D7JMDV6" failures="0" tests="1" name="qaautomation.tugas4.AppTest" time="17.589" errors="0" timestamp="2022-02-14T17:35:16 WIB" skipped="0">
  <testcase classname="qaautomation.tugas4.AppTest" name="test1" time="17.589"/>
  <system-out/>
</testsuite> <!-- qaautomation.tugas4.AppTest -->
